2020-12-27;10:50:32.918;INFO;Database connection successful. Starting server...
2020-12-27;10:50:33.341;ERROR;Cannot find module '../schema/UserSchema'
Require stack:
- d:\R&D\GitProjects\asp-mvc-sample-app\planner-app\server\controllers\user\users.js
- d:\R&D\GitProjects\asp-mvc-sample-app\planner-app\server\routehandler.js
- d:\R&D\GitProjects\asp-mvc-sample-app\planner-app\server\app.js
- d:\R&D\GitProjects\asp-mvc-sample-app\planner-app\server\bin\server.js
- d:\R&D\GitProjects\asp-mvc-sample-app\planner-app\server\index.js
2020-12-27;10:51:46.492;INFO;Database connection successful. Starting server...
2020-12-27;10:51:46.647;ERROR;Cannot find module 'bcryptjs'
Require stack:
- d:\R&D\GitProjects\asp-mvc-sample-app\planner-app\server\models\users\user.js
- d:\R&D\GitProjects\asp-mvc-sample-app\planner-app\server\controllers\user\users.js
- d:\R&D\GitProjects\asp-mvc-sample-app\planner-app\server\routehandler.js
- d:\R&D\GitProjects\asp-mvc-sample-app\planner-app\server\app.js
- d:\R&D\GitProjects\asp-mvc-sample-app\planner-app\server\bin\server.js
- d:\R&D\GitProjects\asp-mvc-sample-app\planner-app\server\index.js
2020-12-27;10:52:09.072;INFO;Database connection successful. Starting server...
2020-12-27;10:52:09.514;ERROR;Configuration property "jwt" is not defined
2020-12-27;10:52:32.161;INFO;Database connection successful. Starting server...
2020-12-27;10:52:32.345;ERROR;Configuration property "jwt" is not defined
2020-12-27;10:54:34.689;INFO;Database connection successful. Starting server...
2020-12-27;10:54:34.891;ERROR;app.use is not a function
2020-12-27;10:55:12.609;INFO;Database connection successful. Starting server...
2020-12-27;10:55:12.811;ERROR;Assignment to constant variable.
2020-12-27;10:55:32.189;INFO;Database connection successful. Starting server...
2020-12-27;10:55:32.380;ERROR;Assignment to constant variable.
2020-12-27;10:56:42.854;INFO;Database connection successful. Starting server...
2020-12-27;10:56:43.071;INFO;Server running at http://127.0.0.1:3000
2020-12-27;11:02:23.557;INFO;Database connection successful. Starting server...
2020-12-27;11:02:23.783;INFO;Server running at http://127.0.0.1:3000
